[08-Feb-2025 20:04:19 UTC] PHP Fatal error:  Uncaught Error: Class "App\Controllers\Domicilios\ControllerFederal" not found in C:\www\Apache24\htdocs\proyecto\controllers\Domicilios\PaisController.php:5
Stack trace:
#0 C:\www\Apache24\htdocs\proyecto\vendor\composer\ClassLoader.php(576): include()
#1 C:\www\Apache24\htdocs\proyecto\vendor\composer\ClassLoader.php(427): Composer\Autoload\{closure}('C:\\www\\Apache24...')
#2 C:\www\Apache24\htdocs\proyecto\routes\routes.php(9): Composer\Autoload\ClassLoader->loadClass('App\\Controllers...')
#3 C:\www\Apache24\htdocs\proyecto\routes\api.php(90): require_once('C:\\www\\Apache24...')
#4 C:\www\Apache24\htdocs\proyecto\vendor\composer\ClassLoader.php(576): include('C:\\www\\Apache24...')
#5 C:\www\Apache24\htdocs\proyecto\vendor\composer\ClassLoader.php(427): Composer\Autoload\{closure}('C:\\www\\Apache24...')
#6 C:\www\Apache24\htdocs\proyecto\index.php(4): Composer\Autoload\ClassLoader->loadClass('App\\Routes\\API')
#7 {main}
  thrown in C:\www\Apache24\htdocs\proyecto\controllers\Domicilios\PaisController.php on line 5
[08-Feb-2025 20:04:21 UTC] PHP Fatal error:  Uncaught Error: Class "App\Controllers\Domicilios\ControllerFederal" not found in C:\www\Apache24\htdocs\proyecto\controllers\Domicilios\PaisController.php:5
Stack trace:
#0 C:\www\Apache24\htdocs\proyecto\vendor\composer\ClassLoader.php(576): include()
#1 C:\www\Apache24\htdocs\proyecto\vendor\composer\ClassLoader.php(427): Composer\Autoload\{closure}('C:\\www\\Apache24...')
#2 C:\www\Apache24\htdocs\proyecto\routes\routes.php(9): Composer\Autoload\ClassLoader->loadClass('App\\Controllers...')
#3 C:\www\Apache24\htdocs\proyecto\routes\api.php(90): require_once('C:\\www\\Apache24...')
#4 C:\www\Apache24\htdocs\proyecto\vendor\composer\ClassLoader.php(576): include('C:\\www\\Apache24...')
#5 C:\www\Apache24\htdocs\proyecto\vendor\composer\ClassLoader.php(427): Composer\Autoload\{closure}('C:\\www\\Apache24...')
#6 C:\www\Apache24\htdocs\proyecto\index.php(4): Composer\Autoload\ClassLoader->loadClass('App\\Routes\\API')
#7 {main}
  thrown in C:\www\Apache24\htdocs\proyecto\controllers\Domicilios\PaisController.php on line 5
[08-Feb-2025 20:05:25 UTC] PHP Warning:  require(C:\www\Apache24\htdocs\proyecto\controllers\Domicilios/../../../vendor/autoload.php): Failed to open stream: No such file or directory in C:\www\Apache24\htdocs\proyecto\controllers\Domicilios\PaisController.php on line 5
[08-Feb-2025 20:05:25 UTC] PHP Fatal error:  Uncaught Error: Failed opening required 'C:\www\Apache24\htdocs\proyecto\controllers\Domicilios/../../../vendor/autoload.php' (include_path='.;C:\php\pear') in C:\www\Apache24\htdocs\proyecto\controllers\Domicilios\PaisController.php:5
Stack trace:
#0 C:\www\Apache24\htdocs\proyecto\vendor\composer\ClassLoader.php(576): include()
#1 C:\www\Apache24\htdocs\proyecto\vendor\composer\ClassLoader.php(427): Composer\Autoload\{closure}('C:\\www\\Apache24...')
#2 C:\www\Apache24\htdocs\proyecto\routes\routes.php(9): Composer\Autoload\ClassLoader->loadClass('App\\Controllers...')
#3 C:\www\Apache24\htdocs\proyecto\routes\api.php(90): require_once('C:\\www\\Apache24...')
#4 C:\www\Apache24\htdocs\proyecto\vendor\composer\ClassLoader.php(576): include('C:\\www\\Apache24...')
#5 C:\www\Apache24\htdocs\proyecto\vendor\composer\ClassLoader.php(427): Composer\Autoload\{closure}('C:\\www\\Apache24...')
#6 C:\www\Apache24\htdocs\proyecto\index.php(4): Composer\Autoload\ClassLoader->loadClass('App\\Routes\\API')
#7 {main}
  thrown in C:\www\Apache24\htdocs\proyecto\controllers\Domicilios\PaisController.php on line 5
[08-Feb-2025 20:05:37 UTC] PHP Warning:  require(C:\www\Apache24\htdocs\proyecto\controllers\Domicilios../../vendor/autoload.php): Failed to open stream: No such file or directory in C:\www\Apache24\htdocs\proyecto\controllers\Domicilios\PaisController.php on line 5
[08-Feb-2025 20:05:37 UTC] PHP Fatal error:  Uncaught Error: Failed opening required 'C:\www\Apache24\htdocs\proyecto\controllers\Domicilios../../vendor/autoload.php' (include_path='.;C:\php\pear') in C:\www\Apache24\htdocs\proyecto\controllers\Domicilios\PaisController.php:5
Stack trace:
#0 C:\www\Apache24\htdocs\proyecto\vendor\composer\ClassLoader.php(576): include()
#1 C:\www\Apache24\htdocs\proyecto\vendor\composer\ClassLoader.php(427): Composer\Autoload\{closure}('C:\\www\\Apache24...')
#2 C:\www\Apache24\htdocs\proyecto\routes\routes.php(9): Composer\Autoload\ClassLoader->loadClass('App\\Controllers...')
#3 C:\www\Apache24\htdocs\proyecto\routes\api.php(90): require_once('C:\\www\\Apache24...')
#4 C:\www\Apache24\htdocs\proyecto\vendor\composer\ClassLoader.php(576): include('C:\\www\\Apache24...')
#5 C:\www\Apache24\htdocs\proyecto\vendor\composer\ClassLoader.php(427): Composer\Autoload\{closure}('C:\\www\\Apache24...')
#6 C:\www\Apache24\htdocs\proyecto\index.php(4): Composer\Autoload\ClassLoader->loadClass('App\\Routes\\API')
#7 {main}
  thrown in C:\www\Apache24\htdocs\proyecto\controllers\Domicilios\PaisController.php on line 5
[08-Feb-2025 20:05:47 UTC] PHP Fatal error:  Uncaught Error: Class "App\Controllers\Domicilios\ControllerFederal" not found in C:\www\Apache24\htdocs\proyecto\controllers\Domicilios\PaisController.php:5
Stack trace:
#0 C:\www\Apache24\htdocs\proyecto\vendor\composer\ClassLoader.php(576): include()
#1 C:\www\Apache24\htdocs\proyecto\vendor\composer\ClassLoader.php(427): Composer\Autoload\{closure}('C:\\www\\Apache24...')
#2 C:\www\Apache24\htdocs\proyecto\routes\routes.php(9): Composer\Autoload\ClassLoader->loadClass('App\\Controllers...')
#3 C:\www\Apache24\htdocs\proyecto\routes\api.php(90): require_once('C:\\www\\Apache24...')
#4 C:\www\Apache24\htdocs\proyecto\vendor\composer\ClassLoader.php(576): include('C:\\www\\Apache24...')
#5 C:\www\Apache24\htdocs\proyecto\vendor\composer\ClassLoader.php(427): Composer\Autoload\{closure}('C:\\www\\Apache24...')
#6 C:\www\Apache24\htdocs\proyecto\index.php(4): Composer\Autoload\ClassLoader->loadClass('App\\Routes\\API')
#7 {main}
  thrown in C:\www\Apache24\htdocs\proyecto\controllers\Domicilios\PaisController.php on line 5
[08-Feb-2025 20:06:08 UTC] PHP Fatal error:  Uncaught Error: Class "App\Controllers\Domicilios\ControllerFederal" not found in C:\www\Apache24\htdocs\proyecto\controllers\Domicilios\PaisController.php:6
Stack trace:
#0 C:\www\Apache24\htdocs\proyecto\vendor\composer\ClassLoader.php(576): include()
#1 C:\www\Apache24\htdocs\proyecto\vendor\composer\ClassLoader.php(427): Composer\Autoload\{closure}('C:\\www\\Apache24...')
#2 C:\www\Apache24\htdocs\proyecto\routes\routes.php(9): Composer\Autoload\ClassLoader->loadClass('App\\Controllers...')
#3 C:\www\Apache24\htdocs\proyecto\routes\api.php(90): require_once('C:\\www\\Apache24...')
#4 C:\www\Apache24\htdocs\proyecto\vendor\composer\ClassLoader.php(576): include('C:\\www\\Apache24...')
#5 C:\www\Apache24\htdocs\proyecto\vendor\composer\ClassLoader.php(427): Composer\Autoload\{closure}('C:\\www\\Apache24...')
#6 C:\www\Apache24\htdocs\proyecto\index.php(4): Composer\Autoload\ClassLoader->loadClass('App\\Routes\\API')
#7 {main}
  thrown in C:\www\Apache24\htdocs\proyecto\controllers\Domicilios\PaisController.php on line 6
[08-Feb-2025 20:06:09 UTC] PHP Fatal error:  Uncaught Error: Class "App\Controllers\Domicilios\ControllerFederal" not found in C:\www\Apache24\htdocs\proyecto\controllers\Domicilios\PaisController.php:6
Stack trace:
#0 C:\www\Apache24\htdocs\proyecto\vendor\composer\ClassLoader.php(576): include()
#1 C:\www\Apache24\htdocs\proyecto\vendor\composer\ClassLoader.php(427): Composer\Autoload\{closure}('C:\\www\\Apache24...')
#2 C:\www\Apache24\htdocs\proyecto\routes\routes.php(9): Composer\Autoload\ClassLoader->loadClass('App\\Controllers...')
#3 C:\www\Apache24\htdocs\proyecto\routes\api.php(90): require_once('C:\\www\\Apache24...')
#4 C:\www\Apache24\htdocs\proyecto\vendor\composer\ClassLoader.php(576): include('C:\\www\\Apache24...')
#5 C:\www\Apache24\htdocs\proyecto\vendor\composer\ClassLoader.php(427): Composer\Autoload\{closure}('C:\\www\\Apache24...')
#6 C:\www\Apache24\htdocs\proyecto\index.php(4): Composer\Autoload\ClassLoader->loadClass('App\\Routes\\API')
#7 {main}
  thrown in C:\www\Apache24\htdocs\proyecto\controllers\Domicilios\PaisController.php on line 6
[08-Feb-2025 20:06:42 UTC] PHP Fatal error:  Cannot redeclare static App\Models\Domicilios\ModelTerritorial::$primaryKey as non static App\Models\Domicilios\MunicipioModel::$primaryKey in C:\www\Apache24\htdocs\proyecto\models\Domicilios\MunicipioModel.php on line 4
[08-Feb-2025 20:10:45 UTC] PHP Fatal error:  Cannot redeclare static App\Models\Domicilios\ModelTerritorial::$primaryKey as non static App\Models\Domicilios\ParroquiaModel::$primaryKey in C:\www\Apache24\htdocs\proyecto\models\Domicilios\ParroquiaModel.php on line 4
[08-Feb-2025 20:10:48 UTC] PHP Fatal error:  Cannot redeclare static App\Models\Domicilios\ModelTerritorial::$primaryKey as non static App\Models\Domicilios\ParroquiaModel::$primaryKey in C:\www\Apache24\htdocs\proyecto\models\Domicilios\ParroquiaModel.php on line 4
[08-Feb-2025 20:10:56 UTC] PHP Fatal error:  Cannot redeclare static App\Models\Domicilios\ModelTerritorial::$primaryKey as non static App\Models\Domicilios\ParroquiaModel::$primaryKey in C:\www\Apache24\htdocs\proyecto\models\Domicilios\ParroquiaModel.php on line 4
[08-Feb-2025 20:13:15 UTC] PHP Fatal error:  Uncaught Exception: Query error: SQLSTATE[42000]: Syntax error or access violation: 1064 You have an error in your SQL syntax; check the manual that corresponds to your MySQL server version for the right syntax to use near '= ?' at line 1 in C:\www\Apache24\htdocs\proyecto\helpers\ORM\QueryBuilder.php:377
Stack trace:
#0 C:\www\Apache24\htdocs\proyecto\helpers\ORM\QueryBuilder.php(193): App\ORM\QueryBuilder->run('UPDATE ciudades...', false)
#1 C:\www\Apache24\htdocs\proyecto\models\Domicilios\ModelTerritorial.php(33): App\ORM\QueryBuilder->update(Array)
#2 C:\www\Apache24\htdocs\proyecto\controllers\Domicilios\ControllerFederal.php(26): App\Models\Domicilios\ModelTerritorial::update(1, Array)
#3 [internal function]: App\Controllers\Domicilios\ControllerFederal->update(Array)
#4 C:\www\Apache24\htdocs\proyecto\routes\api.php(36): call_user_func_array(Array, Array)
#5 C:\www\Apache24\htdocs\proyecto\index.php(4): App\Routes\API::manejarSolicitud()
#6 {main}
  thrown in C:\www\Apache24\htdocs\proyecto\helpers\ORM\QueryBuilder.php on line 377
[08-Feb-2025 20:13:29 UTC] PHP Fatal error:  Uncaught Exception: Query error: SQLSTATE[42000]: Syntax error or access violation: 1064 You have an error in your SQL syntax; check the manual that corresponds to your MySQL server version for the right syntax to use near '= ?' at line 1 in C:\www\Apache24\htdocs\proyecto\helpers\ORM\QueryBuilder.php:377
Stack trace:
#0 C:\www\Apache24\htdocs\proyecto\helpers\ORM\QueryBuilder.php(193): App\ORM\QueryBuilder->run('UPDATE paises S...', false)
#1 C:\www\Apache24\htdocs\proyecto\models\Domicilios\ModelTerritorial.php(33): App\ORM\QueryBuilder->update(Array)
#2 C:\www\Apache24\htdocs\proyecto\controllers\Domicilios\ControllerFederal.php(26): App\Models\Domicilios\ModelTerritorial::update(1, Array)
#3 [internal function]: App\Controllers\Domicilios\ControllerFederal->update(Array)
#4 C:\www\Apache24\htdocs\proyecto\routes\api.php(36): call_user_func_array(Array, Array)
#5 C:\www\Apache24\htdocs\proyecto\index.php(4): App\Routes\API::manejarSolicitud()
#6 {main}
  thrown in C:\www\Apache24\htdocs\proyecto\helpers\ORM\QueryBuilder.php on line 377
[08-Feb-2025 20:14:00 UTC] PHP Fatal error:  Uncaught TypeError: App\ORM\QueryBuilder::insert(): Argument #1 ($data) must be of type array, int given, called in C:\www\Apache24\htdocs\proyecto\models\Domicilios\ModelTerritorial.php on line 29 and defined in C:\www\Apache24\htdocs\proyecto\helpers\ORM\QueryBuilder.php:184
Stack trace:
#0 C:\www\Apache24\htdocs\proyecto\models\Domicilios\ModelTerritorial.php(29): App\ORM\QueryBuilder->insert(1)
#1 C:\www\Apache24\htdocs\proyecto\controllers\Domicilios\ControllerFederal.php(19): App\Models\Domicilios\ModelTerritorial::create(1)
#2 [internal function]: App\Controllers\Domicilios\ControllerFederal->store(Array)
#3 C:\www\Apache24\htdocs\proyecto\routes\api.php(36): call_user_func_array(Array, Array)
#4 C:\www\Apache24\htdocs\proyecto\index.php(4): App\Routes\API::manejarSolicitud()
#5 {main}
  thrown in C:\www\Apache24\htdocs\proyecto\helpers\ORM\QueryBuilder.php on line 184
[08-Feb-2025 20:15:34 UTC] PHP Fatal error:  Uncaught TypeError: App\ORM\QueryBuilder::insert(): Argument #1 ($data) must be of type array, int given, called in C:\www\Apache24\htdocs\proyecto\models\Domicilios\ModelTerritorial.php on line 29 and defined in C:\www\Apache24\htdocs\proyecto\helpers\ORM\QueryBuilder.php:184
Stack trace:
#0 C:\www\Apache24\htdocs\proyecto\models\Domicilios\ModelTerritorial.php(29): App\ORM\QueryBuilder->insert(1)
#1 C:\www\Apache24\htdocs\proyecto\controllers\Domicilios\ControllerFederal.php(20): App\Models\Domicilios\ModelTerritorial::create(1)
#2 [internal function]: App\Controllers\Domicilios\ControllerFederal->store(Array)
#3 C:\www\Apache24\htdocs\proyecto\routes\api.php(36): call_user_func_array(Array, Array)
#4 C:\www\Apache24\htdocs\proyecto\index.php(4): App\Routes\API::manejarSolicitud()
#5 {main}
  thrown in C:\www\Apache24\htdocs\proyecto\helpers\ORM\QueryBuilder.php on line 184
[08-Feb-2025 20:16:33 UTC] PHP Fatal error:  Uncaught TypeError: App\ORM\QueryBuilder::insert(): Argument #1 ($data) must be of type array, int given, called in C:\www\Apache24\htdocs\proyecto\models\Domicilios\ModelTerritorial.php on line 30 and defined in C:\www\Apache24\htdocs\proyecto\helpers\ORM\QueryBuilder.php:184
Stack trace:
#0 C:\www\Apache24\htdocs\proyecto\models\Domicilios\ModelTerritorial.php(30): App\ORM\QueryBuilder->insert(1)
#1 C:\www\Apache24\htdocs\proyecto\controllers\Domicilios\ControllerFederal.php(19): App\Models\Domicilios\ModelTerritorial::create(1)
#2 [internal function]: App\Controllers\Domicilios\ControllerFederal->store(Array)
#3 C:\www\Apache24\htdocs\proyecto\routes\api.php(36): call_user_func_array(Array, Array)
#4 C:\www\Apache24\htdocs\proyecto\index.php(4): App\Routes\API::manejarSolicitud()
#5 {main}
  thrown in C:\www\Apache24\htdocs\proyecto\helpers\ORM\QueryBuilder.php on line 184
[08-Feb-2025 20:16:42 UTC] PHP Fatal error:  Uncaught TypeError: App\ORM\QueryBuilder::insert(): Argument #1 ($data) must be of type array, int given, called in C:\www\Apache24\htdocs\proyecto\models\Domicilios\ModelTerritorial.php on line 30 and defined in C:\www\Apache24\htdocs\proyecto\helpers\ORM\QueryBuilder.php:184
Stack trace:
#0 C:\www\Apache24\htdocs\proyecto\models\Domicilios\ModelTerritorial.php(30): App\ORM\QueryBuilder->insert(1)
#1 C:\www\Apache24\htdocs\proyecto\controllers\Domicilios\ControllerFederal.php(19): App\Models\Domicilios\ModelTerritorial::create(1)
#2 [internal function]: App\Controllers\Domicilios\ControllerFederal->store(Array)
#3 C:\www\Apache24\htdocs\proyecto\routes\api.php(36): call_user_func_array(Array, Array)
#4 C:\www\Apache24\htdocs\proyecto\index.php(4): App\Routes\API::manejarSolicitud()
#5 {main}
  thrown in C:\www\Apache24\htdocs\proyecto\helpers\ORM\QueryBuilder.php on line 184
[08-Feb-2025 20:16:50 UTC] PHP Fatal error:  Uncaught TypeError: App\ORM\QueryBuilder::insert(): Argument #1 ($data) must be of type array, int given, called in C:\www\Apache24\htdocs\proyecto\models\Domicilios\ModelTerritorial.php on line 30 and defined in C:\www\Apache24\htdocs\proyecto\helpers\ORM\QueryBuilder.php:184
Stack trace:
#0 C:\www\Apache24\htdocs\proyecto\models\Domicilios\ModelTerritorial.php(30): App\ORM\QueryBuilder->insert(1)
#1 C:\www\Apache24\htdocs\proyecto\controllers\Domicilios\ControllerFederal.php(20): App\Models\Domicilios\ModelTerritorial::create(1)
#2 [internal function]: App\Controllers\Domicilios\ControllerFederal->store(Array)
#3 C:\www\Apache24\htdocs\proyecto\routes\api.php(36): call_user_func_array(Array, Array)
#4 C:\www\Apache24\htdocs\proyecto\index.php(4): App\Routes\API::manejarSolicitud()
#5 {main}
  thrown in C:\www\Apache24\htdocs\proyecto\helpers\ORM\QueryBuilder.php on line 184
[08-Feb-2025 20:18:06 UTC] PHP Fatal error:  Uncaught Exception: Query error: SQLSTATE[42000]: Syntax error or access violation: 1064 You have an error in your SQL syntax; check the manual that corresponds to your MySQL server version for the right syntax to use near '= ?' at line 1 in C:\www\Apache24\htdocs\proyecto\helpers\ORM\QueryBuilder.php:377
Stack trace:
#0 C:\www\Apache24\htdocs\proyecto\helpers\ORM\QueryBuilder.php(193): App\ORM\QueryBuilder->run('UPDATE estados ...', false)
#1 C:\www\Apache24\htdocs\proyecto\models\Domicilios\ModelTerritorial.php(33): App\ORM\QueryBuilder->update(Array)
#2 C:\www\Apache24\htdocs\proyecto\controllers\Domicilios\ControllerFederal.php(26): App\Models\Domicilios\ModelTerritorial::update(13, Array)
#3 [internal function]: App\Controllers\Domicilios\ControllerFederal->update(Array)
#4 C:\www\Apache24\htdocs\proyecto\routes\api.php(36): call_user_func_array(Array, Array)
#5 C:\www\Apache24\htdocs\proyecto\index.php(4): App\Routes\API::manejarSolicitud()
#6 {main}
  thrown in C:\www\Apache24\htdocs\proyecto\helpers\ORM\QueryBuilder.php on line 377
[08-Feb-2025 20:18:45 UTC] PHP Fatal error:  Uncaught Exception: Query error: SQLSTATE[42000]: Syntax error or access violation: 1064 You have an error in your SQL syntax; check the manual that corresponds to your MySQL server version for the right syntax to use near '= ?' at line 1 in C:\www\Apache24\htdocs\proyecto\helpers\ORM\QueryBuilder.php:377
Stack trace:
#0 C:\www\Apache24\htdocs\proyecto\helpers\ORM\QueryBuilder.php(193): App\ORM\QueryBuilder->run('UPDATE estados ...', false)
#1 C:\www\Apache24\htdocs\proyecto\models\Domicilios\ModelTerritorial.php(34): App\ORM\QueryBuilder->update(Array)
#2 C:\www\Apache24\htdocs\proyecto\controllers\Domicilios\ControllerFederal.php(26): App\Models\Domicilios\ModelTerritorial::update(13, Array)
#3 [internal function]: App\Controllers\Domicilios\ControllerFederal->update(Array)
#4 C:\www\Apache24\htdocs\proyecto\routes\api.php(36): call_user_func_array(Array, Array)
#5 C:\www\Apache24\htdocs\proyecto\index.php(4): App\Routes\API::manejarSolicitud()
#6 {main}
  thrown in C:\www\Apache24\htdocs\proyecto\helpers\ORM\QueryBuilder.php on line 377
[08-Feb-2025 20:19:00 UTC] PHP Fatal error:  Uncaught Exception: Query error: SQLSTATE[42000]: Syntax error or access violation: 1064 You have an error in your SQL syntax; check the manual that corresponds to your MySQL server version for the right syntax to use near '= ?' at line 1 in C:\www\Apache24\htdocs\proyecto\helpers\ORM\QueryBuilder.php:377
Stack trace:
#0 C:\www\Apache24\htdocs\proyecto\helpers\ORM\QueryBuilder.php(193): App\ORM\QueryBuilder->run('UPDATE estados ...', false)
#1 C:\www\Apache24\htdocs\proyecto\models\Domicilios\ModelTerritorial.php(34): App\ORM\QueryBuilder->update(Array)
#2 C:\www\Apache24\htdocs\proyecto\controllers\Domicilios\ControllerFederal.php(26): App\Models\Domicilios\ModelTerritorial::update(13, Array)
#3 [internal function]: App\Controllers\Domicilios\ControllerFederal->update(Array)
#4 C:\www\Apache24\htdocs\proyecto\routes\api.php(36): call_user_func_array(Array, Array)
#5 C:\www\Apache24\htdocs\proyecto\index.php(4): App\Routes\API::manejarSolicitud()
#6 {main}
  thrown in C:\www\Apache24\htdocs\proyecto\helpers\ORM\QueryBuilder.php on line 377
[09-Feb-2025 17:06:57 UTC] PHP Fatal error:  Uncaught Exception: Query error: SQLSTATE[42000]: Syntax error or access violation: 1064 You have an error in your SQL syntax; check the manual that corresponds to your MySQL server version for the right syntax to use near 'table ciudades' at line 1 in C:\www\Apache24\htdocs\proyecto\helpers\ORM\QueryBuilder.php:439
Stack trace:
#0 C:\www\Apache24\htdocs\proyecto\helpers\ORM\QueryBuilder.php(210): App\ORM\QueryBuilder->run('SELECT * table ...')
#1 C:\www\Apache24\htdocs\proyecto\models\Domicilios\ModelTerritorial.php(19): App\ORM\QueryBuilder->get()
#2 C:\www\Apache24\htdocs\proyecto\controllers\Domicilios\ControllerFederal.php(7): App\Models\Domicilios\ModelTerritorial::getAll()
#3 [internal function]: App\Controllers\Domicilios\ControllerFederal->index(Array)
#4 C:\www\Apache24\htdocs\proyecto\routes\api.php(36): call_user_func_array(Array, Array)
#5 C:\www\Apache24\htdocs\proyecto\index.php(4): App\Routes\API::manejarSolicitud()
#6 {main}
  thrown in C:\www\Apache24\htdocs\proyecto\helpers\ORM\QueryBuilder.php on line 439
[09-Feb-2025 17:07:00 UTC] PHP Fatal error:  Uncaught Exception: Query error: SQLSTATE[42000]: Syntax error or access violation: 1064 You have an error in your SQL syntax; check the manual that corresponds to your MySQL server version for the right syntax to use near 'table parroquias' at line 1 in C:\www\Apache24\htdocs\proyecto\helpers\ORM\QueryBuilder.php:439
Stack trace:
#0 C:\www\Apache24\htdocs\proyecto\helpers\ORM\QueryBuilder.php(210): App\ORM\QueryBuilder->run('SELECT * table ...')
#1 C:\www\Apache24\htdocs\proyecto\models\Domicilios\ModelTerritorial.php(19): App\ORM\QueryBuilder->get()
#2 C:\www\Apache24\htdocs\proyecto\controllers\Domicilios\ControllerFederal.php(7): App\Models\Domicilios\ModelTerritorial::getAll()
#3 [internal function]: App\Controllers\Domicilios\ControllerFederal->index(Array)
#4 C:\www\Apache24\htdocs\proyecto\routes\api.php(36): call_user_func_array(Array, Array)
#5 C:\www\Apache24\htdocs\proyecto\index.php(4): App\Routes\API::manejarSolicitud()
#6 {main}
  thrown in C:\www\Apache24\htdocs\proyecto\helpers\ORM\QueryBuilder.php on line 439
[09-Feb-2025 17:07:11 UTC] PHP Fatal error:  Uncaught Exception: Query error: SQLSTATE[42000]: Syntax error or access violation: 1064 You have an error in your SQL syntax; check the manual that corresponds to your MySQL server version for the right syntax to use near 'table ciudades' at line 1 in C:\www\Apache24\htdocs\proyecto\helpers\ORM\QueryBuilder.php:439
Stack trace:
#0 C:\www\Apache24\htdocs\proyecto\helpers\ORM\QueryBuilder.php(210): App\ORM\QueryBuilder->run('SELECT * table ...')
#1 C:\www\Apache24\htdocs\proyecto\models\Domicilios\ModelTerritorial.php(19): App\ORM\QueryBuilder->get()
#2 C:\www\Apache24\htdocs\proyecto\controllers\Domicilios\ControllerFederal.php(7): App\Models\Domicilios\ModelTerritorial::getAll()
#3 [internal function]: App\Controllers\Domicilios\ControllerFederal->index(Array)
#4 C:\www\Apache24\htdocs\proyecto\routes\api.php(36): call_user_func_array(Array, Array)
#5 C:\www\Apache24\htdocs\proyecto\index.php(4): App\Routes\API::manejarSolicitud()
#6 {main}
  thrown in C:\www\Apache24\htdocs\proyecto\helpers\ORM\QueryBuilder.php on line 439
[09-Feb-2025 17:07:14 UTC] PHP Fatal error:  Uncaught Exception: Query error: SQLSTATE[42000]: Syntax error or access violation: 1064 You have an error in your SQL syntax; check the manual that corresponds to your MySQL server version for the right syntax to use near 'table estados' at line 1 in C:\www\Apache24\htdocs\proyecto\helpers\ORM\QueryBuilder.php:439
Stack trace:
#0 C:\www\Apache24\htdocs\proyecto\helpers\ORM\QueryBuilder.php(210): App\ORM\QueryBuilder->run('SELECT * table ...')
#1 C:\www\Apache24\htdocs\proyecto\models\Domicilios\ModelTerritorial.php(19): App\ORM\QueryBuilder->get()
#2 C:\www\Apache24\htdocs\proyecto\controllers\Domicilios\ControllerFederal.php(7): App\Models\Domicilios\ModelTerritorial::getAll()
#3 [internal function]: App\Controllers\Domicilios\ControllerFederal->index(Array)
#4 C:\www\Apache24\htdocs\proyecto\routes\api.php(36): call_user_func_array(Array, Array)
#5 C:\www\Apache24\htdocs\proyecto\index.php(4): App\Routes\API::manejarSolicitud()
#6 {main}
  thrown in C:\www\Apache24\htdocs\proyecto\helpers\ORM\QueryBuilder.php on line 439
[09-Feb-2025 17:07:16 UTC] PHP Fatal error:  Uncaught Exception: Query error: SQLSTATE[42000]: Syntax error or access violation: 1064 You have an error in your SQL syntax; check the manual that corresponds to your MySQL server version for the right syntax to use near 'table paises' at line 1 in C:\www\Apache24\htdocs\proyecto\helpers\ORM\QueryBuilder.php:439
Stack trace:
#0 C:\www\Apache24\htdocs\proyecto\helpers\ORM\QueryBuilder.php(210): App\ORM\QueryBuilder->run('SELECT * table ...')
#1 C:\www\Apache24\htdocs\proyecto\models\Domicilios\ModelTerritorial.php(19): App\ORM\QueryBuilder->get()
#2 C:\www\Apache24\htdocs\proyecto\controllers\Domicilios\ControllerFederal.php(7): App\Models\Domicilios\ModelTerritorial::getAll()
#3 [internal function]: App\Controllers\Domicilios\ControllerFederal->index(Array)
#4 C:\www\Apache24\htdocs\proyecto\routes\api.php(36): call_user_func_array(Array, Array)
#5 C:\www\Apache24\htdocs\proyecto\index.php(4): App\Routes\API::manejarSolicitud()
#6 {main}
  thrown in C:\www\Apache24\htdocs\proyecto\helpers\ORM\QueryBuilder.php on line 439
[09-Feb-2025 17:07:43 UTC] PHP Fatal error:  Uncaught Exception: Query error: SQLSTATE[42000]: Syntax error or access violation: 1064 You have an error in your SQL syntax; check the manual that corresponds to your MySQL server version for the right syntax to use near 'table paises' at line 1 in C:\www\Apache24\htdocs\proyecto\helpers\ORM\QueryBuilder.php:439
Stack trace:
#0 C:\www\Apache24\htdocs\proyecto\helpers\ORM\QueryBuilder.php(210): App\ORM\QueryBuilder->run('SELECT * table ...')
#1 C:\www\Apache24\htdocs\proyecto\models\Domicilios\ModelTerritorial.php(19): App\ORM\QueryBuilder->get()
#2 C:\www\Apache24\htdocs\proyecto\controllers\Domicilios\ControllerFederal.php(7): App\Models\Domicilios\ModelTerritorial::getAll()
#3 [internal function]: App\Controllers\Domicilios\ControllerFederal->index(Array)
#4 C:\www\Apache24\htdocs\proyecto\routes\api.php(36): call_user_func_array(Array, Array)
#5 C:\www\Apache24\htdocs\proyecto\index.php(4): App\Routes\API::manejarSolicitud()
#6 {main}
  thrown in C:\www\Apache24\htdocs\proyecto\helpers\ORM\QueryBuilder.php on line 439
[09-Feb-2025 17:07:46 UTC] PHP Fatal error:  Uncaught Exception: Query error: SQLSTATE[42000]: Syntax error or access violation: 1064 You have an error in your SQL syntax; check the manual that corresponds to your MySQL server version for the right syntax to use near 'table paises' at line 1 in C:\www\Apache24\htdocs\proyecto\helpers\ORM\QueryBuilder.php:439
Stack trace:
#0 C:\www\Apache24\htdocs\proyecto\helpers\ORM\QueryBuilder.php(210): App\ORM\QueryBuilder->run('SELECT * table ...')
#1 C:\www\Apache24\htdocs\proyecto\models\Domicilios\ModelTerritorial.php(19): App\ORM\QueryBuilder->get()
#2 C:\www\Apache24\htdocs\proyecto\controllers\Domicilios\ControllerFederal.php(7): App\Models\Domicilios\ModelTerritorial::getAll()
#3 [internal function]: App\Controllers\Domicilios\ControllerFederal->index(Array)
#4 C:\www\Apache24\htdocs\proyecto\routes\api.php(36): call_user_func_array(Array, Array)
#5 C:\www\Apache24\htdocs\proyecto\index.php(4): App\Routes\API::manejarSolicitud()
#6 {main}
  thrown in C:\www\Apache24\htdocs\proyecto\helpers\ORM\QueryBuilder.php on line 439
[09-Feb-2025 17:08:07 UTC] PHP Fatal error:  Uncaught Exception: Query error: SQLSTATE[42000]: Syntax error or access violation: 1064 You have an error in your SQL syntax; check the manual that corresponds to your MySQL server version for the right syntax to use near 'table paises' at line 1 in C:\www\Apache24\htdocs\proyecto\helpers\ORM\QueryBuilder.php:439
Stack trace:
#0 C:\www\Apache24\htdocs\proyecto\helpers\ORM\QueryBuilder.php(210): App\ORM\QueryBuilder->run('SELECT * table ...')
#1 C:\www\Apache24\htdocs\proyecto\models\Domicilios\ModelTerritorial.php(19): App\ORM\QueryBuilder->get()
#2 C:\www\Apache24\htdocs\proyecto\controllers\Domicilios\ControllerFederal.php(7): App\Models\Domicilios\ModelTerritorial::getAll()
#3 [internal function]: App\Controllers\Domicilios\ControllerFederal->index(Array)
#4 C:\www\Apache24\htdocs\proyecto\routes\api.php(36): call_user_func_array(Array, Array)
#5 C:\www\Apache24\htdocs\proyecto\index.php(4): App\Routes\API::manejarSolicitud()
#6 {main}
  thrown in C:\www\Apache24\htdocs\proyecto\helpers\ORM\QueryBuilder.php on line 439
[09-Feb-2025 17:09:04 UTC] PHP Fatal error:  Uncaught Exception: Query error: SQLSTATE[42000]: Syntax error or access violation: 1064 You have an error in your SQL syntax; check the manual that corresponds to your MySQL server version for the right syntax to use near 'table paises' at line 1 in C:\www\Apache24\htdocs\proyecto\helpers\ORM\QueryBuilder.php:439
Stack trace:
#0 C:\www\Apache24\htdocs\proyecto\helpers\ORM\QueryBuilder.php(210): App\ORM\QueryBuilder->run('SELECT * table ...')
#1 C:\www\Apache24\htdocs\proyecto\models\Domicilios\ModelTerritorial.php(19): App\ORM\QueryBuilder->get()
#2 C:\www\Apache24\htdocs\proyecto\controllers\Domicilios\ControllerFederal.php(7): App\Models\Domicilios\ModelTerritorial::getAll()
#3 [internal function]: App\Controllers\Domicilios\ControllerFederal->index(Array)
#4 C:\www\Apache24\htdocs\proyecto\routes\api.php(36): call_user_func_array(Array, Array)
#5 C:\www\Apache24\htdocs\proyecto\index.php(4): App\Routes\API::manejarSolicitud()
#6 {main}
  thrown in C:\www\Apache24\htdocs\proyecto\helpers\ORM\QueryBuilder.php on line 439
[09-Feb-2025 17:10:19 UTC] PHP Fatal error:  Uncaught Exception: Query error: SQLSTATE[42000]: Syntax error or access violation: 1064 You have an error in your SQL syntax; check the manual that corresponds to your MySQL server version for the right syntax to use near 'table paises' at line 1 in C:\www\Apache24\htdocs\proyecto\helpers\ORM\QueryBuilder.php:439
Stack trace:
#0 C:\www\Apache24\htdocs\proyecto\helpers\ORM\QueryBuilder.php(210): App\ORM\QueryBuilder->run('SELECT * table ...')
#1 C:\www\Apache24\htdocs\proyecto\models\Domicilios\ModelTerritorial.php(18): App\ORM\QueryBuilder->get()
#2 C:\www\Apache24\htdocs\proyecto\controllers\Domicilios\ControllerFederal.php(7): App\Models\Domicilios\ModelTerritorial::getAll()
#3 [internal function]: App\Controllers\Domicilios\ControllerFederal->index(Array)
#4 C:\www\Apache24\htdocs\proyecto\routes\api.php(36): call_user_func_array(Array, Array)
#5 C:\www\Apache24\htdocs\proyecto\index.php(4): App\Routes\API::manejarSolicitud()
#6 {main}
  thrown in C:\www\Apache24\htdocs\proyecto\helpers\ORM\QueryBuilder.php on line 439
[09-Feb-2025 17:21:32 UTC] PHP Fatal error:  Uncaught Exception: Query error: SQLSTATE[42000]: Syntax error or access violation: 1064 You have an error in your SQL syntax; check the manual that corresponds to your MySQL server version for the right syntax to use near '= ?' at line 1 in C:\www\Apache24\htdocs\proyecto\helpers\ORM\QueryBuilder.php:435
Stack trace:
#0 C:\www\Apache24\htdocs\proyecto\helpers\ORM\QueryBuilder.php(235): App\ORM\QueryBuilder->run('UPDATE ciudades...', false)
#1 C:\www\Apache24\htdocs\proyecto\models\Domicilios\ModelTerritorial.php(36): App\ORM\QueryBuilder->update(Array)
#2 C:\www\Apache24\htdocs\proyecto\controllers\Domicilios\ControllerFederal.php(26): App\Models\Domicilios\ModelTerritorial::update(48, Array)
#3 [internal function]: App\Controllers\Domicilios\ControllerFederal->update(Array)
#4 C:\www\Apache24\htdocs\proyecto\routes\api.php(36): call_user_func_array(Array, Array)
#5 C:\www\Apache24\htdocs\proyecto\index.php(4): App\Routes\API::manejarSolicitud()
#6 {main}
  thrown in C:\www\Apache24\htdocs\proyecto\helpers\ORM\QueryBuilder.php on line 435
[09-Feb-2025 17:21:53 UTC] PHP Fatal error:  Uncaught Exception: Query error: SQLSTATE[42000]: Syntax error or access violation: 1064 You have an error in your SQL syntax; check the manual that corresponds to your MySQL server version for the right syntax to use near '= ?' at line 1 in C:\www\Apache24\htdocs\proyecto\helpers\ORM\QueryBuilder.php:435
Stack trace:
#0 C:\www\Apache24\htdocs\proyecto\helpers\ORM\QueryBuilder.php(235): App\ORM\QueryBuilder->run('UPDATE paises S...', false)
#1 C:\www\Apache24\htdocs\proyecto\models\Domicilios\ModelTerritorial.php(36): App\ORM\QueryBuilder->update(Array)
#2 C:\www\Apache24\htdocs\proyecto\controllers\Domicilios\ControllerFederal.php(26): App\Models\Domicilios\ModelTerritorial::update(1, Array)
#3 [internal function]: App\Controllers\Domicilios\ControllerFederal->update(Array)
#4 C:\www\Apache24\htdocs\proyecto\routes\api.php(36): call_user_func_array(Array, Array)
#5 C:\www\Apache24\htdocs\proyecto\index.php(4): App\Routes\API::manejarSolicitud()
#6 {main}
  thrown in C:\www\Apache24\htdocs\proyecto\helpers\ORM\QueryBuilder.php on line 435
[09-Feb-2025 17:22:56 UTC] PHP Fatal error:  Uncaught Exception: Query error: SQLSTATE[42000]: Syntax error or access violation: 1064 You have an error in your SQL syntax; check the manual that corresponds to your MySQL server version for the right syntax to use near '= ?' at line 1 in C:\www\Apache24\htdocs\proyecto\helpers\ORM\QueryBuilder.php:435
Stack trace:
#0 C:\www\Apache24\htdocs\proyecto\helpers\ORM\QueryBuilder.php(235): App\ORM\QueryBuilder->run('UPDATE paises S...', false)
#1 C:\www\Apache24\htdocs\proyecto\models\Domicilios\ModelTerritorial.php(36): App\ORM\QueryBuilder->update(Array)
#2 C:\www\Apache24\htdocs\proyecto\controllers\Domicilios\ControllerFederal.php(26): App\Models\Domicilios\ModelTerritorial::update(3, Array)
#3 [internal function]: App\Controllers\Domicilios\ControllerFederal->update(Array)
#4 C:\www\Apache24\htdocs\proyecto\routes\api.php(36): call_user_func_array(Array, Array)
#5 C:\www\Apache24\htdocs\proyecto\index.php(4): App\Routes\API::manejarSolicitud()
#6 {main}
  thrown in C:\www\Apache24\htdocs\proyecto\helpers\ORM\QueryBuilder.php on line 435
